#
# A fatal error has been detected by the Java Runtime Environment:
#
#  EXCEPTION_ACCESS_VIOLATION (0xc0000005) at pc=0x000000007110b5db, pid=13764, tid=0x0000000000001188
#
# JRE version: Java(TM) SE Runtime Environment (8.0_261-b12) (build 1.8.0_261-b12)
# Java VM: Java HotSpot(TM) 64-Bit Server VM (25.261-b12 mixed mode windows-amd64 compressed oops)
# Problematic frame:
# C  [jSSC-2.8_x86_64.dll+0xb5db]
#
# Failed to write core dump. Minidumps are not enabled by default on client versions of Windows
#
# If you would like to submit a bug report, please visit:
#   http://bugreport.java.com/bugreport/crash.jsp
# The crash happened outside the Java Virtual Machine in native code.
# See problematic frame for where to report the bug.
#

---------------  T H R E A D  ---------------

Current thread (0x0000020c71037000):  JavaThread "AWT-EventQueue-0" [_thread_in_native, id=4488, stack(0x000000e40d200000,0x000000e40d300000)]

siginfo: ExceptionCode=0xc0000005, reading address 0x000000007231afbc

Registers:
RAX=0x000000007231afbc, RBX=0x000000e40d2fca10, RCX=0x00007ff8bdacc194, RDX=0x0000000000000000
RSP=0x000000e40d2fc9a0, RBP=0x000000e40d2fcb20, RSI=0x0000020c710371f8, RDI=0x0000000000000bbc
R8 =0x000000e40d2fc898, R9 =0x000000e40d2fc990, R10=0x0000000000000000, R11=0x0000000000000246
R12=0x000000e40d2fcbd8, R13=0x0000020c710b86f0, R14=0x000000e40d2fcad0, R15=0x0000020c71037000
RIP=0x000000007110b5db, EFLAGS=0x0000000000010206

Top of Stack: (sp=0x000000e40d2fc9a0)
0x000000e40d2fc9a0:   0000020c7178e300 0000020c710b84f0
0x000000e40d2fc9b0:   000000007110b230 0000020c53860000
0x000000e40d2fc9c0:   0000020c537e0000 0000000000000004
0x000000e40d2fc9d0:   0000020c710371f8 0000000000000bbc
0x000000e40d2fc9e0:   000000e40d2fcb20 0000000071112590
0x000000e40d2fc9f0:   0000020c71037000 000000e40d2fcad0
0x000000e40d2fca00:   0000020c710b86f0 000000e40d2fcbd8
0x000000e40d2fca10:   0000020c710b86f0 00007ff8bda45d21
0x000000e40d2fca20:   000000e40d2fca50 0000020c53860000
0x000000e40d2fca30:   000000e40d2fcb20 0000000000000000
0x000000e40d2fca40:   0000000071113500 0000000071113be8
0x000000e40d2fca50:   000000e40d2fca80 0000000071112641
0x000000e40d2fca60:   000000e40d2fc9f0 0000020c710371f8
0x000000e40d2fca70:   0000000000000000 0000000000000000
0x000000e40d2fca80:   000000e40d2fcb20 0000000071101595
0x000000e40d2fca90:   000000000000001c 0000020c00000000 

Instructions: (pc=0x000000007110b5db)
0x000000007110b5bb:   c5 0f 1f 40 00 55 57 56 53 48 83 ec 28 48 8b 05
0x000000007110b5cb:   39 33 01 00 48 89 cb 48 85 c0 0f 84 c5 00 00 00
0x000000007110b5db:   8b 38 85 ff 0f 88 ab 00 00 00 48 8b 05 1c 33 01
0x000000007110b5eb:   00 48 85 c0 0f 84 bc 00 00 00 8b 30 85 f6 74 57 


Register to memory mapping:

RAX=0x000000007231afbc is an unknown value
RBX=0x000000e40d2fca10 is pointing into the stack for thread: 0x0000020c71037000
RCX=0x00007ff8bdacc194 is an unknown value
RDX=0x0000000000000000 is an unknown value
RSP=0x000000e40d2fc9a0 is pointing into the stack for thread: 0x0000020c71037000
RBP=0x000000e40d2fcb20 is pointing into the stack for thread: 0x0000020c71037000
RSI=0x0000020c710371f8 is an unknown value
RDI=0x0000000000000bbc is an unknown value
R8 =0x000000e40d2fc898 is pointing into the stack for thread: 0x0000020c71037000
R9 =0x000000e40d2fc990 is pointing into the stack for thread: 0x0000020c71037000
R10=0x0000000000000000 is an unknown value
R11=0x0000000000000246 is an unknown value
R12=0x000000e40d2fcbd8 is pointing into the stack for thread: 0x0000020c71037000
R13=0x0000020c710b86f0 is an unknown value
R14=0x000000e40d2fcad0 is pointing into the stack for thread: 0x0000020c71037000
R15=0x0000020c71037000 is a thread


Stack: [0x000000e40d200000,0x000000e40d300000],  sp=0x000000e40d2fc9a0,  free space=1010k
Native frames: (J=compiled Java code, j=interpreted, Vv=VM code, C=native code)
C  [jSSC-2.8_x86_64.dll+0xb5db]
C  [jSSC-2.8_x86_64.dll+0x12590]
C  [jSSC-2.8_x86_64.dll+0x1595]
C  0x0000020c5520990e

Java frames: (J=compiled Java code, j=interpreted, Vv=VM code)
j  jssc.SerialNativeInterface.openPort(Ljava/lang/String;Z)J+0
j  jssc.SerialPort.openPort()Z+65
j  com.panamahitek.PanamaHitek_Arduino.arduinoRXTX(Ljava/lang/String;ILjssc/SerialPortEventListener;)V+58
j  ArduinoUno.Display$2.actionPerformed(Ljava/awt/event/ActionEvent;)V+125
j  javax.swing.JComboBox.fireActionEvent()V+126
j  javax.swing.JComboBox.setSelectedItem(Ljava/lang/Object;)V+134
j  javax.swing.JComboBox.setSelectedIndex(I)V+76
j  javax.swing.plaf.basic.BasicComboPopup$Handler.mouseReleased(Ljava/awt/event/MouseEvent;)V+97
j  java.awt.AWTEventMulticaster.mouseReleased(Ljava/awt/event/MouseEvent;)V+21
j  java.awt.Component.processMouseEvent(Ljava/awt/event/MouseEvent;)V+64
j  javax.swing.JComponent.processMouseEvent(Ljava/awt/event/MouseEvent;)V+23
j  javax.swing.plaf.basic.BasicComboPopup$1.processMouseEvent(Ljava/awt/event/MouseEvent;)V+93
j  java.awt.Component.processEvent(Ljava/awt/AWTEvent;)V+81
J 1180 C1 java.awt.Container.processEvent(Ljava/awt/AWTEvent;)V (22 bytes) @ 0x0000020c555afb0c [0x0000020c555af7e0+0x32c]
j  java.awt.Component.dispatchEventImpl(Ljava/awt/AWTEvent;)V+589
J 1135 C1 java.awt.Container.dispatchEventImpl(Ljava/awt/AWTEvent;)V (129 bytes) @ 0x0000020c5557280c [0x0000020c555726c0+0x14c]
J 1275 C1 java.awt.LightweightDispatcher.retargetMouseEvent(Ljava/awt/Component;ILjava/awt/event/MouseEvent;)V (372 bytes) @ 0x0000020c555f9f6c [0x0000020c555f76e0+0x288c]
J 1303 C1 java.awt.LightweightDispatcher.processMouseEvent(Ljava/awt/event/MouseEvent;)Z (286 bytes) @ 0x0000020c5561445c [0x0000020c55612d00+0x175c]
j  java.awt.LightweightDispatcher.dispatchEvent(Ljava/awt/AWTEvent;)Z+50
J 1135 C1 java.awt.Container.dispatchEventImpl(Ljava/awt/AWTEvent;)V (129 bytes) @ 0x0000020c555727ac [0x0000020c555726c0+0xec]
J 1298 C1 java.awt.Window.dispatchEventImpl(Ljava/awt/AWTEvent;)V (23 bytes) @ 0x0000020c55610e64 [0x0000020c55610880+0x5e4]
J 1074 C1 java.awt.EventQueue.dispatchEventImpl(Ljava/awt/AWTEvent;Ljava/lang/Object;)V (149 bytes) @ 0x0000020c555443fc [0x0000020c55542b80+0x187c]
J 1072 C1 java.awt.EventQueue$3.run()Ljava/lang/Void; (60 bytes) @ 0x0000020c55541f5c [0x0000020c55541d40+0x21c]
J 1071 C1 java.awt.EventQueue$3.run()Ljava/lang/Object; (5 bytes) @ 0x0000020c555419cc [0x0000020c55541940+0x8c]
v  ~StubRoutines::call_stub
J 555  java.security.AccessController.doPrivileged(Ljava/security/PrivilegedAction;Ljava/security/AccessControlContext;)Ljava/lang/Object; (0 bytes) @ 0x0000020c55437626 [0x0000020c554375c0+0x66]
J 1277 C1 java.awt.EventQueue$4.run()Ljava/lang/Object; (5 bytes) @ 0x0000020c55600c74 [0x0000020c55600840+0x434]
v  ~StubRoutines::call_stub
J 555  java.security.AccessController.doPrivileged(Ljava/security/PrivilegedAction;Ljava/security/AccessControlContext;)Ljava/lang/Object; (0 bytes) @ 0x0000020c55437626 [0x0000020c554375c0+0x66]
J 990 C1 java.awt.EventQueue.dispatchEvent(Ljava/awt/AWTEvent;)V (80 bytes) @ 0x0000020c555129fc [0x0000020c55511b40+0xebc]
J 996 C1 java.awt.EventDispatchThread.pumpOneEventForFilters(I)V (190 bytes) @ 0x0000020c55516f5c [0x0000020c55515e00+0x115c]
j  java.awt.EventDispatchThread.pumpEventsForFilter(ILjava/awt/Conditional;Ljava/awt/EventFilter;)V+35
j  java.awt.EventDispatchThread.pumpEventsForHierarchy(ILjava/awt/Conditional;Ljava/awt/Component;)V+11
j  java.awt.EventDispatchThread.pumpEvents(ILjava/awt/Conditional;)V+4
j  java.awt.EventDispatchThread.pumpEvents(Ljava/awt/Conditional;)V+3
j  java.awt.EventDispatchThread.run()V+9
v  ~StubRoutines::call_stub

---------------  P R O C E S S  ---------------

Java Threads: ( => current thread )
  0x0000020c714ba800 JavaThread "D3D Screen Updater" daemon [_thread_blocked, id=7440, stack(0x000000e40e000000,0x000000e40e100000)]
  0x0000020c7131c800 JavaThread "TimerQueue" daemon [_thread_blocked, id=30672, stack(0x000000e40dd00000,0x000000e40de00000)]
  0x0000020c5388f000 JavaThread "DestroyJavaVM" [_thread_blocked, id=12160, stack(0x000000e40b900000,0x000000e40ba00000)]
=>0x0000020c71037000 JavaThread "AWT-EventQueue-0" [_thread_in_native, id=4488, stack(0x000000e40d200000,0x000000e40d300000)]
  0x0000020c70fd6000 JavaThread "AWT-Windows" daemon [_thread_in_native, id=66272, stack(0x000000e40d100000,0x000000e40d200000)]
  0x0000020c70fd5000 JavaThread "AWT-Shutdown" [_thread_blocked, id=58184, stack(0x000000e40d000000,0x000000e40d100000)]
  0x0000020c70fd4000 JavaThread "Java2D Disposer" daemon [_thread_blocked, id=35184, stack(0x000000e40cf00000,0x000000e40d000000)]
  0x0000020c6e5cd800 JavaThread "Service Thread" daemon [_thread_blocked, id=44048, stack(0x000000e40cd00000,0x000000e40ce00000)]
  0x0000020c6e59d000 JavaThread "C1 CompilerThread3" daemon [_thread_blocked, id=50968, stack(0x000000e40cc00000,0x000000e40cd00000)]
  0x0000020c6e59c000 JavaThread "C2 CompilerThread2" daemon [_thread_blocked, id=63532, stack(0x000000e40cb00000,0x000000e40cc00000)]
  0x0000020c6e595000 JavaThread "C2 CompilerThread1" daemon [_thread_in_native, id=19828, stack(0x000000e40ca00000,0x000000e40cb00000)]
  0x0000020c6e58f000 JavaThread "C2 CompilerThread0" daemon [_thread_in_native, id=49536, stack(0x000000e40c900000,0x000000e40ca00000)]
  0x0000020c6e58a000 JavaThread "Attach Listener" daemon [_thread_blocked, id=42324, stack(0x000000e40c800000,0x000000e40c900000)]
  0x0000020c6e589000 JavaThread "Signal Dispatcher" daemon [_thread_blocked, id=11008, stack(0x000000e40c700000,0x000000e40c800000)]
  0x0000020c6e566000 JavaThread "Finalizer" daemon [_thread_blocked, id=45664, stack(0x000000e40c600000,0x000000e40c700000)]
  0x0000020c6e55f000 JavaThread "Reference Handler" daemon [_thread_blocked, id=51656, stack(0x000000e40c500000,0x000000e40c600000)]

Other Threads:
  0x0000020c6e535800 VMThread [stack: 0x000000e40c400000,0x000000e40c500000] [id=48792]
  0x0000020c6e5ce800 WatcherThread [stack: 0x000000e40ce00000,0x000000e40cf00000] [id=6856]

VM state:not at safepoint (normal execution)

VM Mutex/Monitor currently owned by a thread: None

heap address: 0x00000006c1000000, size: 4080 MB, Compressed Oops mode: Zero based, Oop shift amount: 3
Narrow klass base: 0x0000000000000000, Narrow klass shift: 3
Compressed class space size: 1073741824 Address: 0x00000007c0000000

Heap:
 PSYoungGen      total 76288K, used 22288K [0x000000076b000000, 0x0000000770500000, 0x00000007c0000000)
  eden space 65536K, 34% used [0x000000076b000000,0x000000076c5c4050,0x000000076f000000)
  from space 10752K, 0% used [0x000000076fa80000,0x000000076fa80000,0x0000000770500000)
  to   space 10752K, 0% used [0x000000076f000000,0x000000076f000000,0x000000076fa80000)
 ParOldGen       total 175104K, used 0K [0x00000006c1000000, 0x00000006cbb00000, 0x000000076b000000)
  object space 175104K, 0% used [0x00000006c1000000,0x00000006c1000000,0x00000006cbb00000)
 Metaspace       used 15037K, capacity 15284K, committed 15616K, reserved 1062912K
  class space    used 1914K, capacity 1976K, committed 2048K, reserved 1048576K

Card table byte_map: [0x0000020c645b0000,0x0000020c64db0000] byte_map_base: 0x0000020c60fa8000

Marking Bits: (ParMarkBitMap*) 0x000000006c364fb0
 Begin Bits: [0x0000020c65300000, 0x0000020c692c0000)
 End Bits:   [0x0000020c692c0000, 0x0000020c6d280000)

Polling page: 0x0000020c551c0000

CodeCache: size=245760Kb used=4888Kb max_used=4901Kb free=240871Kb
 bounds [0x0000020c551f0000, 0x0000020c556c0000, 0x0000020c641f0000]
 total_blobs=2029 nmethods=1509 adapters=433
 compilation: enabled

Compilation events (10 events):
Event: 8.483 Thread 0x0000020c6e58f000 nmethod 1498 0x0000020c556af6d0 code [0x0000020c556af820, 0x0000020c556afb48]
Event: 8.484 Thread 0x0000020c6e58f000 1503       4       com.sun.java.swing.SwingUtilities3::getDelegateRepaintManager (73 bytes)
Event: 8.486 Thread 0x0000020c6e58f000 nmethod 1503 0x0000020c556a61d0 code [0x0000020c556a6340, 0x0000020c556a6728]
Event: 8.486 Thread 0x0000020c6e58f000 1505   !   4       sun.awt.PostEventQueue::flush (168 bytes)
Event: 8.486 Thread 0x0000020c6e59c000 nmethod 1501 0x0000020c556b4450 code [0x0000020c556b45c0, 0x0000020c556b4a78]
Event: 8.486 Thread 0x0000020c6e59c000 1504       4       java.util.IdentityHashMap::get (60 bytes)
Event: 8.488 Thread 0x0000020c6e59c000 nmethod 1504 0x0000020c556b3f10 code [0x0000020c556b4060, 0x0000020c556b4258]
Event: 8.488 Thread 0x0000020c6e59c000 1508   !   4       javax.swing.RepaintManager::addDirtyRegion0 (205 bytes)
Event: 8.495 Thread 0x0000020c6e59d000 1511   !   3       javax.swing.text.AbstractDocument$LeafElement::<init> (58 bytes)
Event: 8.495 Thread 0x0000020c6e59d000 nmethod 1511 0x0000020c556b02d0 code [0x0000020c556b04a0, 0x0000020c556b0dc0]

GC Heap History (0 events):
No events

Deoptimization events (9 events):
Event: 0.165 Thread 0x0000020c5388f000 Uncommon trap: reason=null_check action=make_not_entrant pc=0x0000020c55361b48 method=java.lang.String.equals(Ljava/lang/Object;)Z @ 8
Event: 0.418 Thread 0x0000020c70fd6000 Uncommon trap: reason=bimorphic action=maybe_recompile pc=0x0000020c553ea5d0 method=java.util.HashMap.getNode(ILjava/lang/Object;)Ljava/util/HashMap$Node; @ 126
Event: 0.418 Thread 0x0000020c70fd6000 Uncommon trap: reason=bimorphic action=maybe_recompile pc=0x0000020c553ea5d0 method=java.util.HashMap.getNode(ILjava/lang/Object;)Ljava/util/HashMap$Node; @ 126
Event: 0.418 Thread 0x0000020c70fd6000 Uncommon trap: reason=bimorphic action=maybe_recompile pc=0x0000020c553f2cbc method=java.util.HashMap.getNode(ILjava/lang/Object;)Ljava/util/HashMap$Node; @ 126
Event: 2.602 Thread 0x0000020c71037000 Uncommon trap: reason=class_check action=maybe_recompile pc=0x0000020c5537c434 method=java.lang.String.equals(Ljava/lang/Object;)Z @ 8
Event: 2.602 Thread 0x0000020c71037000 Uncommon trap: reason=class_check action=maybe_recompile pc=0x0000020c5537c434 method=java.lang.String.equals(Ljava/lang/Object;)Z @ 8
Event: 2.602 Thread 0x0000020c71037000 Uncommon trap: reason=class_check action=maybe_recompile pc=0x0000020c5537c434 method=java.lang.String.equals(Ljava/lang/Object;)Z @ 8
Event: 2.604 Thread 0x0000020c71037000 Uncommon trap: reason=class_check action=maybe_recompile pc=0x0000020c5537c434 method=java.lang.String.equals(Ljava/lang/Object;)Z @ 8
Event: 8.436 Thread 0x0000020c71037000 Uncommon trap: reason=unstable_if action=reinterpret pc=0x0000020c556369d8 method=sun.font.FontDesignMetrics.charsWidth([CII)I @ 113

Classes redefined (0 events):
No events

Internal exceptions (10 events):
Event: 0.057 Thread 0x0000020c5388f000 Exception <a 'java/io/FileNotFoundException'> (0x000000076b056098) thrown at [C:\jenkins\workspace\8-2-build-windows-amd64-cygwin\jdk8u261\295\hotspot\src\share\vm\prims\jni.cpp, line 710]
Event: 0.089 Thread 0x0000020c5388f000 Exception <a 'java/security/PrivilegedActionException'> (0x000000076b0bd558) thrown at [C:\jenkins\workspace\8-2-build-windows-amd64-cygwin\jdk8u261\295\hotspot\src\share\vm\prims\jvm.cpp, line 1512]
Event: 0.089 Thread 0x0000020c5388f000 Exception <a 'java/security/PrivilegedActionException'> (0x000000076b0bd768) thrown at [C:\jenkins\workspace\8-2-build-windows-amd64-cygwin\jdk8u261\295\hotspot\src\share\vm\prims\jvm.cpp, line 1512]
Event: 0.090 Thread 0x0000020c5388f000 Exception <a 'java/security/PrivilegedActionException'> (0x000000076b0c1678) thrown at [C:\jenkins\workspace\8-2-build-windows-amd64-cygwin\jdk8u261\295\hotspot\src\share\vm\prims\jvm.cpp, line 1512]
Event: 0.090 Thread 0x0000020c5388f000 Exception <a 'java/security/PrivilegedActionException'> (0x000000076b0c1888) thrown at [C:\jenkins\workspace\8-2-build-windows-amd64-cygwin\jdk8u261\295\hotspot\src\share\vm\prims\jvm.cpp, line 1512]
Event: 0.093 Thread 0x0000020c5388f000 Exception <a 'java/io/FileNotFoundException'> (0x000000076b0c4500) thrown at [C:\jenkins\workspace\8-2-build-windows-amd64-cygwin\jdk8u261\295\hotspot\src\share\vm\prims\jni.cpp, line 710]
Event: 0.120 Thread 0x0000020c5388f000 Exception <a 'java/lang/NoSuchFieldError': method resolution failed> (0x000000076b2dca88) thrown at [C:\jenkins\workspace\8-2-build-windows-amd64-cygwin\jdk8u261\295\hotspot\src\share\vm\prims\methodHandles.cpp, line 1169]
Event: 0.121 Thread 0x0000020c5388f000 Exception <a 'java/lang/NoSuchFieldError': method resolution failed> (0x000000076b2e9dd8) thrown at [C:\jenkins\workspace\8-2-build-windows-amd64-cygwin\jdk8u261\295\hotspot\src\share\vm\prims\methodHandles.cpp, line 1169]
Event: 0.165 Thread 0x0000020c5388f000 Implicit null exception at 0x0000020c55361962 to 0x0000020c55361b39
Event: 0.171 Thread 0x0000020c5388f000 Exception <a 'java/io/FileNotFoundException'> (0x000000076b3cf988) thrown at [C:\jenkins\workspace\8-2-build-windows-amd64-cygwin\jdk8u261\295\hotspot\src\share\vm\prims\jni.cpp, line 710]

Events (10 events):
Event: 8.496 loading class jssc/SerialPort
Event: 8.496 loading class jssc/SerialPort done
Event: 8.497 loading class java/lang/SecurityException
Event: 8.497 loading class java/lang/SecurityException done
Event: 8.497 loading class jssc/SerialPortTimeoutException
Event: 8.497 loading class jssc/SerialPortTimeoutException done
Event: 8.497 loading class jssc/SerialPort$EventThread
Event: 8.497 loading class jssc/SerialPort$EventThread done
Event: 8.497 loading class jssc/SerialPort$LinuxEventThread
Event: 8.497 loading class jssc/SerialPort$LinuxEventThread done


Dynamic libraries:
0x00007ff6aab70000 - 0x00007ff6aabb7000 	C:\Program Files\Java\jdk1.8.0_261\bin\java.exe
0x00007ff8bda30000 - 0x00007ff8bdc26000 	C:\WINDOWS\SYSTEM32\ntdll.dll
0x00007ff8bc740000 - 0x00007ff8bc7fd000 	C:\WINDOWS\System32\KERNEL32.DLL
0x00007ff8bb470000 - 0x00007ff8bb739000 	C:\WINDOWS\System32\KERNELBASE.dll
0x00007ff8bd2e0000 - 0x00007ff8bd38c000 	C:\WINDOWS\System32\ADVAPI32.dll
0x00007ff8bd810000 - 0x00007ff8bd8ae000 	C:\WINDOWS\System32\msvcrt.dll
0x00007ff8bd710000 - 0x00007ff8bd7ac000 	C:\WINDOWS\System32\sechost.dll
0x00007ff8bd8b0000 - 0x00007ff8bd9db000 	C:\WINDOWS\System32\RPCRT4.dll
0x00007ff8bc910000 - 0x00007ff8bcab0000 	C:\WINDOWS\System32\USER32.dll
0x00007ff8bb440000 - 0x00007ff8bb462000 	C:\WINDOWS\System32\win32u.dll
0x00007ff8bc8e0000 - 0x00007ff8bc90a000 	C:\WINDOWS\System32\GDI32.dll
0x00007ff8bb170000 - 0x00007ff8bb27b000 	C:\WINDOWS\System32\gdi32full.dll
0x00007ff8bb8c0000 - 0x00007ff8bb95d000 	C:\WINDOWS\System32\msvcp_win.dll
0x00007ff8bb770000 - 0x00007ff8bb870000 	C:\WINDOWS\System32\ucrtbase.dll
0x00007ff8a7040000 - 0x00007ff8a72db000 	C:\WINDOWS\WinSxS\amd64_microsoft.windows.common-controls_6595b64144ccf1df_6.0.19041.746_none_ca02b4b61b8320a4\COMCTL32.dll
0x00007ff8bba90000 - 0x00007ff8bbac0000 	C:\WINDOWS\System32\IMM32.DLL
0x00007ff8b25a0000 - 0x00007ff8b25b5000 	C:\Program Files\Java\jdk1.8.0_261\jre\bin\vcruntime140.dll
0x00007ff8b15c0000 - 0x00007ff8b165b000 	C:\Program Files\Java\jdk1.8.0_261\jre\bin\msvcp140.dll
0x000000006bb70000 - 0x000000006c3dc000 	C:\Program Files\Java\jdk1.8.0_261\jre\bin\server\jvm.dll
0x00007ff8bd670000 - 0x00007ff8bd678000 	C:\WINDOWS\System32\PSAPI.DLL
0x00007ff8b3450000 - 0x00007ff8b345a000 	C:\WINDOWS\SYSTEM32\VERSION.dll
0x00007ff8b8440000 - 0x00007ff8b8467000 	C:\WINDOWS\SYSTEM32\WINMM.dll
0x00007ff8b2870000 - 0x00007ff8b2879000 	C:\WINDOWS\SYSTEM32\WSOCK32.dll
0x00007ff8bd210000 - 0x00007ff8bd27b000 	C:\WINDOWS\System32\WS2_32.dll
0x00007ff8b9a70000 - 0x00007ff8b9a82000 	C:\WINDOWS\SYSTEM32\kernel.appcore.dll
0x00007ff8b8400000 - 0x00007ff8b8410000 	C:\Program Files\Java\jdk1.8.0_261\jre\bin\verify.dll
0x00007ff8b23d0000 - 0x00007ff8b23fb000 	C:\Program Files\Java\jdk1.8.0_261\jre\bin\java.dll
0x00007ff8b2580000 - 0x00007ff8b2598000 	C:\Program Files\Java\jdk1.8.0_261\jre\bin\zip.dll
0x00007ff8bbb70000 - 0x00007ff8bc2b3000 	C:\WINDOWS\System32\SHELL32.dll
0x00007ff8b92b0000 - 0x00007ff8b9a3f000 	C:\WINDOWS\SYSTEM32\windows.storage.dll
0x00007ff8bce90000 - 0x00007ff8bd1e6000 	C:\WINDOWS\System32\combase.dll
0x00007ff8babd0000 - 0x00007ff8babfc000 	C:\WINDOWS\SYSTEM32\Wldp.dll
0x00007ff8bbac0000 - 0x00007ff8bbb6e000 	C:\WINDOWS\System32\SHCORE.dll
0x00007ff8bd610000 - 0x00007ff8bd665000 	C:\WINDOWS\System32\shlwapi.dll
0x00007ff8bb0a0000 - 0x00007ff8bb0c6000 	C:\WINDOWS\SYSTEM32\profapi.dll
0x00007ff881360000 - 0x00007ff8814f4000 	C:\Program Files\Java\jdk1.8.0_261\jre\bin\awt.dll
0x00007ff8bd390000 - 0x00007ff8bd45d000 	C:\WINDOWS\System32\OLEAUT32.dll
0x00007ff8b8550000 - 0x00007ff8b85e0000 	C:\WINDOWS\SYSTEM32\apphelp.dll
0x00007ff8b87b0000 - 0x00007ff8b884e000 	C:\WINDOWS\system32\uxtheme.dll
0x00007ff8bcc60000 - 0x00007ff8bcd76000 	C:\WINDOWS\System32\MSCTF.dll
0x00007ff8bcb30000 - 0x00007ff8bcc5a000 	C:\WINDOWS\System32\ole32.dll
0x00007ff8bba10000 - 0x00007ff8bba90000 	C:\WINDOWS\System32\bcryptPrimitives.dll
0x00007ff8b8ae0000 - 0x00007ff8b8b0f000 	C:\WINDOWS\system32\DWMAPI.DLL
0x00007ff889da0000 - 0x00007ff889ec5000 	C:\WINDOWS\system32\opengl32.dll
0x00007ff89fbf0000 - 0x00007ff89fc1c000 	C:\WINDOWS\SYSTEM32\GLU32.dll
0x00007ff89a020000 - 0x00007ff89a1ef000 	C:\WINDOWS\system32\d3d9.dll
0x00007ff8b2a00000 - 0x00007ff8b2bdb000 	C:\WINDOWS\System32\DriverStore\FileRepository\u0361901.inf_amd64_204a65b18f2a904a\B361909\aticfx64.dll
0x00007ff8859a0000 - 0x00007ff8859d3000 	C:\WINDOWS\System32\DriverStore\FileRepository\u0361901.inf_amd64_204a65b18f2a904a\B361909\atiu9p64.dll
0x00007ff884c80000 - 0x00007ff885992000 	C:\WINDOWS\System32\DriverStore\FileRepository\u0361901.inf_amd64_204a65b18f2a904a\B361909\atiumd64.dll
0x00007ff8b8f60000 - 0x00007ff8b9144000 	C:\WINDOWS\SYSTEM32\dbghelp.dll
0x00007ff8a76a0000 - 0x00007ff8a76cc000 	C:\WINDOWS\SYSTEM32\dbgcore.DLL
0x000000006cad0000 - 0x000000006d98c000 	C:\WINDOWS\System32\DriverStore\FileRepository\u0361901.inf_amd64_204a65b18f2a904a\B361909\atiumd6a.dll
0x00007ff8ba710000 - 0x00007ff8ba75b000 	C:\WINDOWS\SYSTEM32\POWRPROF.dll
0x00007ff8ba5d0000 - 0x00007ff8ba5e2000 	C:\WINDOWS\SYSTEM32\UMPDC.dll
0x00007ff8b8210000 - 0x00007ff8b8240000 	C:\WINDOWS\SYSTEM32\amdihk64.dll
0x00007ff8b8610000 - 0x00007ff8b864b000 	C:\WINDOWS\SYSTEM32\dxcore.dll
0x00007ff8bb870000 - 0x00007ff8bb8be000 	C:\WINDOWS\System32\cfgmgr32.dll
0x00007ff8b1570000 - 0x00007ff8b15b9000 	C:\Program Files\Java\jdk1.8.0_261\jre\bin\fontmanager.dll
0x00007ff8b23b0000 - 0x00007ff8b23cc000 	C:\Program Files\Java\jdk1.8.0_261\jre\bin\net.dll
0x00007ff8ba950000 - 0x00007ff8ba9ba000 	C:\WINDOWS\system32\mswsock.dll
0x00007ff8b1660000 - 0x00007ff8b1673000 	C:\Program Files\Java\jdk1.8.0_261\jre\bin\nio.dll
0x00007ff8b1520000 - 0x00007ff8b1563000 	C:\Program Files\Java\jdk1.8.0_261\jre\bin\t2k.dll
0x00007ff8bcde0000 - 0x00007ff8bce89000 	C:\WINDOWS\System32\clbcatq.dll
0x00007ff8b3850000 - 0x00007ff8b3a04000 	C:\WINDOWS\SYSTEM32\WindowsCodecs.dll
0x00007ff8bb740000 - 0x00007ff8bb767000 	C:\WINDOWS\System32\bcrypt.dll
0x00007ff8ad090000 - 0x00007ff8ad0ce000 	C:\WINDOWS\system32\dataexchange.dll
0x00007ff8b6440000 - 0x00007ff8b66a4000 	C:\WINDOWS\system32\d3d11.dll
0x00007ff8b7320000 - 0x00007ff8b7507000 	C:\WINDOWS\system32\dcomp.dll
0x00007ff8b9ac0000 - 0x00007ff8b9bb3000 	C:\WINDOWS\system32\dxgi.dll
0x00007ff8b3a70000 - 0x00007ff8b3c71000 	C:\WINDOWS\system32\twinapi.appcore.dll
0x0000000071100000 - 0x0000000071125000 	C:\Users\Andres\.jssc\windows\jSSC-2.8_x86_64.dll
0x00007ff8b2680000 - 0x00007ff8b277b000 	C:\WINDOWS\SYSTEM32\textinputframework.dll
0x00007ff8b7a40000 - 0x00007ff8b7d9e000 	C:\WINDOWS\System32\CoreUIComponents.dll
0x00007ff8b7eb0000 - 0x00007ff8b7fa2000 	C:\WINDOWS\System32\CoreMessaging.dll
0x00007ff8b9eb0000 - 0x00007ff8b9ee3000 	C:\WINDOWS\SYSTEM32\ntmarta.dll
0x00007ff8b7120000 - 0x00007ff8b7274000 	C:\WINDOWS\SYSTEM32\wintypes.dll

VM Arguments:
jvm_args: -Dfile.encoding=UTF-8 
java_command: ArduinoUno.Display
java_class_path (initial): D:\Doctorado\Software\Programa Samuel\Arduino\Pruebas guardado\Beta 1.3\lib\PanamaHitek_Arduino-3.0.3.jar;D:\Doctorado\Software\Programa Samuel\Arduino\Pruebas guardado\Beta 1.2\Arduino Beta 1.2\build\classes
Launcher Type: SUN_STANDARD

Environment Variables:
PATH=C:\Program Files (x86)\NVIDIA Corporation\PhysX\Common;C:\Program Files (x86)\Common Files\Oracle\Java\javapath;C:\WINDOWS\system32;C:\WINDOWS;C:\WINDOWS\System32\Wbem;C:\WINDOWS\System32\WindowsPowerShell\v1.0\;C:\WINDOWS\System32\OpenSSH\;C:\Program Files (x86)\Calibre2\;C:\Program Files\AutoFirma\AutoFirma;C:\Users\Andres\AppData\Local\Microsoft\WindowsApps;
USERNAME=Andres
OS=Windows_NT
PROCESSOR_IDENTIFIER=AMD64 Family 23 Model 8 Stepping 2, AuthenticAMD



---------------  S Y S T E M  ---------------

OS: Windows 10.0 , 64 bit Build 19041 (10.0.19041.662)

CPU:total 12 (initial active 12) (12 cores per cpu, 1 threads per core) family 23 model 8 stepping 2, cmov, cx8, fxsr, mmx, sse, sse2, sse3, ssse3, sse4.1, sse4.2, popcnt, avx, avx2, aes, clmul, mmxext, 3dnowpref, lzcnt, sse4a, tsc, tscinvbit, tscinv, bmi1

Memory: 4k page, physical 16706760k(8629824k free), swap 21587364k(5795456k free)

vm_info: Java HotSpot(TM) 64-Bit Server VM (25.261-b12) for windows-amd64 JRE (1.8.0_261-b12), built on Jun 18 2020 06:56:32 by "" with unknown MS VC++:1916

time: Tue Feb  2 11:17:35 2021
timezone: Hora estándar romance
elapsed time: 8 seconds (0d 0h 0m 8s)

